Determining if the function log exists failed with the following output:
Change Dir: /home/ubuntu/Desktop/step5/build/CMakeFiles/CMakeTmp

Run Build Command:/usr/bin/make "cmTryCompileExec2411401316/fast"
/usr/bin/make -f CMakeFiles/cmTryCompileExec2411401316.dir/build.make CMakeFiles/cmTryCompileExec2411401316.dir/build
make[1]: Entering directory `/home/ubuntu/Desktop/step5/build/CMakeFiles/CMakeTmp'
/usr/bin/cmake -E cmake_progress_report /home/ubuntu/Desktop/step5/build/CMakeFiles/CMakeTmp/CMakeFiles 1
Building C object CMakeFiles/cmTryCompileExec2411401316.dir/CheckFunctionExists.c.o
/usr/bin/cc   -DCHECK_FUNCTION_EXISTS=log   -o CMakeFiles/cmTryCompileExec2411401316.dir/CheckFunctionExists.c.o   -c /usr/share/cmake-2.8/Modules/CheckFunctionExists.c
<command-line>:0:23: warning: conflicting types for built-in function ‘log’ [enabled by default]
/usr/share/cmake-2.8/Modules/CheckFunctionExists.c:3:6: note: in expansion of macro ‘CHECK_FUNCTION_EXISTS’
 char CHECK_FUNCTION_EXISTS();
      ^
Linking C executable cmTryCompileExec2411401316
/usr/bin/cmake -E cmake_link_script CMakeFiles/cmTryCompileExec2411401316.dir/link.txt --verbose=1
/usr/bin/cc   -DCHECK_FUNCTION_EXISTS=log    CMakeFiles/cmTryCompileExec2411401316.dir/CheckFunctionExists.c.o  -o cmTryCompileExec2411401316 -rdynamic 
CMakeFiles/cmTryCompileExec2411401316.dir/CheckFunctionExists.c.o: In function `main':
CheckFunctionExists.c:(.text+0x15): undefined reference to `log'
collect2: error: ld returned 1 exit status
make[1]: *** [cmTryCompileExec2411401316] Error 1
make[1]: Leaving directory `/home/ubuntu/Desktop/step5/build/CMakeFiles/CMakeTmp'
make: *** [cmTryCompileExec2411401316/fast] Error 2


Determining if the function exp exists failed with the following output:
Change Dir: /home/ubuntu/Desktop/step5/build/CMakeFiles/CMakeTmp

Run Build Command:/usr/bin/make "cmTryCompileExec591194126/fast"
/usr/bin/make -f CMakeFiles/cmTryCompileExec591194126.dir/build.make CMakeFiles/cmTryCompileExec591194126.dir/build
make[1]: Entering directory `/home/ubuntu/Desktop/step5/build/CMakeFiles/CMakeTmp'
/usr/bin/cmake -E cmake_progress_report /home/ubuntu/Desktop/step5/build/CMakeFiles/CMakeTmp/CMakeFiles 1
Building C object CMakeFiles/cmTryCompileExec591194126.dir/CheckFunctionExists.c.o
/usr/bin/cc   -DCHECK_FUNCTION_EXISTS=exp   -o CMakeFiles/cmTryCompileExec591194126.dir/CheckFunctionExists.c.o   -c /usr/share/cmake-2.8/Modules/CheckFunctionExists.c
<command-line>:0:23: warning: conflicting types for built-in function ‘exp’ [enabled by default]
/usr/share/cmake-2.8/Modules/CheckFunctionExists.c:3:6: note: in expansion of macro ‘CHECK_FUNCTION_EXISTS’
 char CHECK_FUNCTION_EXISTS();
      ^
Linking C executable cmTryCompileExec591194126
/usr/bin/cmake -E cmake_link_script CMakeFiles/cmTryCompileExec591194126.dir/link.txt --verbose=1
/usr/bin/cc   -DCHECK_FUNCTION_EXISTS=exp    CMakeFiles/cmTryCompileExec591194126.dir/CheckFunctionExists.c.o  -o cmTryCompileExec591194126 -rdynamic 
CMakeFiles/cmTryCompileExec591194126.dir/CheckFunctionExists.c.o: In function `main':
CheckFunctionExists.c:(.text+0x15): undefined reference to `exp'
collect2: error: ld returned 1 exit status
make[1]: *** [cmTryCompileExec591194126] Error 1
make[1]: Leaving directory `/home/ubuntu/Desktop/step5/build/CMakeFiles/CMakeTmp'
make: *** [cmTryCompileExec591194126/fast] Error 2


